<?xml version="1.0" encoding="UTF-8"?>
<testsuite name="com.tecepeipe.bugzstrategy.BugzEngineTest" tests="26" skipped="0" failures="0" errors="0" timestamp="2026-09-14T23:02:24" hostname="c-6aa8770e-019e4feb-c1ba5d51c0f5" time="0.182">
  <properties/>
  <testcase name="canSlide is false when both common neighbors are blocked" classname="com.tecepeipe.bugzstrategy.BugzEngineTest" time="0.089"/>
  <testcase name="empty and single-piece swarms are connected" classname="com.tecepeipe.bugzstrategy.BugzEngineTest" time="0.007"/>
  <testcase name="snapshot and restore preserve state" classname="com.tecepeipe.bugzstrategy.BugzEngineTest" time="0.011"/>
  <testcase name="initNewGame without expansions shrinks reserves" classname="com.tecepeipe.bugzstrategy.BugzEngineTest" time="0.0"/>
  <testcase name="parseKey round trips" classname="com.tecepeipe.bugzstrategy.BugzEngineTest" time="0.001"/>
  <testcase name="canRemovePiece returns true for stacks" classname="com.tecepeipe.bugzstrategy.BugzEngineTest" time="0.0"/>
  <testcase name="placements cannot touch enemy pieces" classname="com.tecepeipe.bugzstrategy.BugzEngineTest" time="0.0"/>
  <testcase name="queen cannot escape through gate blocked on both sides" classname="com.tecepeipe.bugzstrategy.BugzEngineTest" time="0.002"/>
  <testcase name="queen helpers report placement and location" classname="com.tecepeipe.bugzstrategy.BugzEngineTest" time="0.0"/>
  <testcase name="two adjacent pieces keep the swarm connected" classname="com.tecepeipe.bugzstrategy.BugzEngineTest" time="0.0"/>
  <testcase name="game status is not over with only queens placed" classname="com.tecepeipe.bugzstrategy.BugzEngineTest" time="0.001"/>
  <testcase name="simulateAction deducts from human reserve only when human places" classname="com.tecepeipe.bugzstrategy.BugzEngineTest" time="0.001"/>
  <testcase name="initNewGame creates full reserves" classname="com.tecepeipe.bugzstrategy.BugzEngineTest" time="0.0"/>
  <testcase name="cloneBoard deep copies stacks" classname="com.tecepeipe.bugzstrategy.BugzEngineTest" time="0.0"/>
  <testcase name="two separated pieces break the swarm" classname="com.tecepeipe.bugzstrategy.BugzEngineTest" time="0.0"/>
  <testcase name="first placement is at the origin" classname="com.tecepeipe.bugzstrategy.BugzEngineTest" time="0.001"/>
  <testcase name="board helpers handle empty and stacked hexes" classname="com.tecepeipe.bugzstrategy.BugzEngineTest" time="0.001"/>
  <testcase name="simulateAction does not touch reserves on MOVE action" classname="com.tecepeipe.bugzstrategy.BugzEngineTest" time="0.0"/>
  <testcase name="evaluateBoard rewards having more reserve pieces" classname="com.tecepeipe.bugzstrategy.BugzEngineTest" time="0.05"/>
  <testcase name="axial hex neighbors are the six surrounding hexes" classname="com.tecepeipe.bugzstrategy.BugzEngineTest" time="0.0"/>
  <testcase name="simulateAction deducts from AI reserve only when AI places" classname="com.tecepeipe.bugzstrategy.BugzEngineTest" time="0.0"/>
  <testcase name="queen can slide through open gate" classname="com.tecepeipe.bugzstrategy.BugzEngineTest" time="0.001"/>
  <testcase name="beetle on top cannot step down through ground-level gate" classname="com.tecepeipe.bugzstrategy.BugzEngineTest" time="0.001"/>
  <testcase name="queen surrounded on all six sides ends the game" classname="com.tecepeipe.bugzstrategy.BugzEngineTest" time="0.0"/>
  <testcase name="second placement touches the first piece" classname="com.tecepeipe.bugzstrategy.BugzEngineTest" time="0.0"/>
  <testcase name="placing the first piece updates the board and turns" classname="com.tecepeipe.bugzstrategy.BugzEngineTest" time="0.0"/>
  <system-out><![CDATA[]]></system-out>
  <system-err><![CDATA[]]></system-err>
</testsuite>
